[23:37:57.491] Global cache location 'C:/Users/Owner/AppData/Local/Microsoft/TypeScript/3.8', safe file path 'c:/users/owner/appdata/roaming/npm/node_modules/typescript/lib/typingsafelist.json', types map path c:/users/owner/appdata/roaming/npm/node_modules/typescript/lib/typesmap.json
[23:37:57.492] Processing cache location 'C:/Users/Owner/AppData/Local/Microsoft/TypeScript/3.8'
[23:37:57.493] Trying to find 'C:/Users/Owner/AppData/Local/Microsoft/TypeScript/3.8/package.json'...
[23:37:57.493] Finished processing cache location 'C:/Users/Owner/AppData/Local/Microsoft/TypeScript/3.8'
[23:37:57.494] Process id: 7572
[23:37:57.494] NPM location: "C:\Program Files\nodejs\npm" (explicit '--npmLocation' not  provided)
[23:37:57.494] validateDefaultNpmLocation: false
[23:37:57.495] Npm config file: C:/Users/Owner/AppData/Local/Microsoft/TypeScript/3.8/package.json
[23:37:57.495] Npm config file: 'C:/Users/Owner/AppData/Local/Microsoft/TypeScript/3.8/package.json' is missing, creating new one...
[23:37:57.497] Updating types-registry npm package...
[23:37:57.497] Exec: "C:\Program Files\nodejs\npm" install --ignore-scripts types-registry@latest
[23:38:1.568]     Succeeded. stdout:
    + types-registry@0.1.488
    added 1 package from 1 contributor and audited 1 package in 3.081s
found 0 vulnerabilities


[23:38:1.568] Updated types-registry npm package
[23:38:1.579] Got install request {"projectName":"/dev/null/inferredProject1*","fileNames":["c:/Users/Owner/AppData/Roaming/npm/node_modules/typescript/lib/lib.d.ts","c:/Users/Owner/AppData/Roaming/npm/node_modules/typescript/lib/lib.es5.d.ts","c:/Users/Owner/AppData/Roaming/npm/node_modules/typescript/lib/lib.dom.d.ts","c:/Users/Owner/AppData/Roaming/npm/node_modules/typescript/lib/lib.webworker.importscripts.d.ts","c:/Users/Owner/AppData/Roaming/npm/node_modules/typescript/lib/lib.scripthost.d.ts","w:/SimpleServers/js/src/database/database.js"],"compilerOptions":{"target":1,"jsx":1,"allowNonTsExtensions":true,"allowJs":true,"noEmitForJsFiles":true,"maxNodeModuleJsDepth":2},"typeAcquisition":{"enable":true,"include":[],"exclude":[]},"unresolvedImports":["bson","mongodb","monogodb-memory-server","require_optional"],"projectRootPath":"w:/SimpleServers/js/src/database","kind":"discover"}
[23:38:1.596] Loaded safelist from types map file 'c:/users/owner/appdata/roaming/npm/node_modules/typescript/lib/typesmap.json'
[23:38:1.599] Explicitly included types: []
[23:38:1.600] Inferred typings from unresolved imports: ["bson","mongodb","monogodb-memory-server","require_optional"]
[23:38:1.600] Result: {"cachedTypingPaths":[],"newTypingNames":["bson","mongodb","monogodb-memory-server","require_optional"],"filesToWatch":["w:/SimpleServers/js/src/database/bower_components","w:/SimpleServers/js/src/database/node_modules"]}
[23:38:1.600] Finished typings discovery: {"cachedTypingPaths":[],"newTypingNames":["bson","mongodb","monogodb-memory-server","require_optional"],"filesToWatch":["w:/SimpleServers/js/src/database/bower_components","w:/SimpleServers/js/src/database/node_modules"]}
[23:38:1.601] DirectoryWatcher:: Added:: WatchInfo: w:/SimpleServers/js/src/database/bower_components
[23:38:1.603] DirectoryWatcher:: Added:: WatchInfo: w:/SimpleServers/js/src/database/node_modules
[23:38:1.603] Installing typings ["bson","mongodb","monogodb-memory-server","require_optional"]
[23:38:1.604] 'monogodb-memory-server':: Entry for package 'monogodb-memory-server' does not exist in local types registry - skipping...
[23:38:1.604] 'require_optional':: Entry for package 'require_optional' does not exist in local types registry - skipping...
[23:38:1.604] Npm config file: C:/Users/Owner/AppData/Local/Microsoft/TypeScript/3.8/package.json
[23:38:1.604] Sending response:
    {"kind":"event::beginInstallTypes","eventId":1,"typingsInstallerVersion":"3.8.3","projectName":"/dev/null/inferredProject1*"}
[23:38:1.605] Response has been sent.
[23:38:1.605] #1 with arguments'["@types/bson@ts3.8","@types/mongodb@ts3.8"]'.
[23:38:1.605] Exec: "C:\Program Files\nodejs\npm" install --ignore-scripts @types/bson@ts3.8 @types/mongodb@ts3.8 --save-dev --user-agent="typesInstaller/3.8.3"
[23:38:5.289]     Succeeded. stdout:
    + @types/bson@4.0.2
    + @types/mongodb@3.5.14
added 3 packages from 72 contributors and audited 7 packages in 2.83s
found 0 vulnerabilities


[23:38:5.289] npm install #1 took: 3684 ms
[23:38:5.289] Installed typings ["@types/bson@ts3.8","@types/mongodb@ts3.8"]
[23:38:5.301] Installed typing files ["C:/Users/Owner/AppData/Local/Microsoft/TypeScript/3.8/node_modules/@types/bson/index.d.ts","C:/Users/Owner/AppData/Local/Microsoft/TypeScript/3.8/node_modules/@types/mongodb/index.d.ts"]
[23:38:5.301] Sending response:
    {"projectName":"/dev/null/inferredProject1*","typeAcquisition":{"enable":true,"include":[],"exclude":[]},"compilerOptions":{"target":1,"jsx":1,"allowNonTsExtensions":true,"allowJs":true,"noEmitForJsFiles":true,"maxNodeModuleJsDepth":2},"typings":["C:/Users/Owner/AppData/Local/Microsoft/TypeScript/3.8/node_modules/@types/bson/index.d.ts","C:/Users/Owner/AppData/Local/Microsoft/TypeScript/3.8/node_modules/@types/mongodb/index.d.ts"],"unresolvedImports":["bson","mongodb","monogodb-memory-server","require_optional"],"kind":"action::set"}
[23:38:5.302] Response has been sent.
[23:38:5.302] Sending response:
    {"kind":"event::endInstallTypes","eventId":1,"projectName":"/dev/null/inferredProject1*","packagesToInstall":["@types/bson@ts3.8","@types/mongodb@ts3.8"],"installSuccess":true,"typingsInstallerVersion":"3.8.3"}
[23:38:5.302] Response has been sent.
[23:38:5.803] Got install request {"projectName":"/dev/null/inferredProject1*","fileNames":["c:/Users/Owner/AppData/Roaming/npm/node_modules/typescript/lib/lib.d.ts","c:/Users/Owner/AppData/Roaming/npm/node_modules/typescript/lib/lib.es5.d.ts","c:/Users/Owner/AppData/Roaming/npm/node_modules/typescript/lib/lib.dom.d.ts","c:/Users/Owner/AppData/Roaming/npm/node_modules/typescript/lib/lib.webworker.importscripts.d.ts","c:/Users/Owner/AppData/Roaming/npm/node_modules/typescript/lib/lib.scripthost.d.ts","C:/Users/Owner/AppData/Local/Microsoft/TypeScript/3.8/node_modules/@types/bson/index.d.ts","C:/Users/Owner/AppData/Local/Microsoft/TypeScript/3.8/node_modules/@types/mongodb/index.d.ts","w:/SimpleServers/js/src/database/database.js"],"compilerOptions":{"target":1,"jsx":1,"allowNonTsExtensions":true,"allowJs":true,"noEmitForJsFiles":true,"maxNodeModuleJsDepth":2},"typeAcquisition":{"enable":true,"include":[],"exclude":[]},"unresolvedImports":["monogodb-memory-server"],"projectRootPath":"w:/SimpleServers/js/src/database","kind":"discover"}
[23:38:5.803] Explicitly included types: []
[23:38:5.804] Inferred typings from unresolved imports: ["monogodb-memory-server"]
[23:38:5.804] Result: {"cachedTypingPaths":[],"newTypingNames":["monogodb-memory-server"],"filesToWatch":["w:/SimpleServers/js/src/database/bower_components","w:/SimpleServers/js/src/database/node_modules"]}
[23:38:5.805] Finished typings discovery: {"cachedTypingPaths":[],"newTypingNames":["monogodb-memory-server"],"filesToWatch":["w:/SimpleServers/js/src/database/bower_components","w:/SimpleServers/js/src/database/node_modules"]}
[23:38:5.805] Installing typings ["monogodb-memory-server"]
[23:38:5.805] 'monogodb-memory-server':: Entry for package 'monogodb-memory-server' does not exist in local types registry - skipping...
[23:38:5.805] All typings are known to be missing or invalid - no need to install more typings
[23:38:5.806] Sending response:
    {"projectName":"/dev/null/inferredProject1*","typeAcquisition":{"enable":true,"include":[],"exclude":[]},"compilerOptions":{"target":1,"jsx":1,"allowNonTsExtensions":true,"allowJs":true,"noEmitForJsFiles":true,"maxNodeModuleJsDepth":2},"typings":[],"unresolvedImports":["monogodb-memory-server"],"kind":"action::set"}
[23:38:5.806] Response has been sent.
[23:38:6.84] Got install request {"projectName":"/dev/null/inferredProject1*","fileNames":["c:/Users/Owner/AppData/Roaming/npm/node_modules/typescript/lib/lib.d.ts","c:/Users/Owner/AppData/Roaming/npm/node_modules/typescript/lib/lib.es5.d.ts","c:/Users/Owner/AppData/Roaming/npm/node_modules/typescript/lib/lib.dom.d.ts","c:/Users/Owner/AppData/Roaming/npm/node_modules/typescript/lib/lib.webworker.importscripts.d.ts","c:/Users/Owner/AppData/Roaming/npm/node_modules/typescript/lib/lib.scripthost.d.ts","w:/SimpleServers/js/src/database/database.js"],"compilerOptions":{"target":1,"jsx":1,"allowNonTsExtensions":true,"allowJs":true,"noEmitForJsFiles":true,"maxNodeModuleJsDepth":2},"typeAcquisition":{"enable":true,"include":[],"exclude":[]},"unresolvedImports":["monogodb-memory-server"],"projectRootPath":"w:/SimpleServers/js/src/database","kind":"discover"}
[23:38:6.84] Explicitly included types: []
[23:38:6.85] Inferred typings from unresolved imports: ["monogodb-memory-server"]
[23:38:6.85] Result: {"cachedTypingPaths":[],"newTypingNames":["monogodb-memory-server"],"filesToWatch":["w:/SimpleServers/js/src/database/bower_components","w:/SimpleServers/js/src/database/node_modules"]}
[23:38:6.85] Finished typings discovery: {"cachedTypingPaths":[],"newTypingNames":["monogodb-memory-server"],"filesToWatch":["w:/SimpleServers/js/src/database/bower_components","w:/SimpleServers/js/src/database/node_modules"]}
[23:38:6.85] Installing typings ["monogodb-memory-server"]
[23:38:6.85] 'monogodb-memory-server':: Entry for package 'monogodb-memory-server' does not exist in local types registry - skipping...
[23:38:6.86] All typings are known to be missing or invalid - no need to install more typings
[23:38:6.86] Sending response:
    {"projectName":"/dev/null/inferredProject1*","typeAcquisition":{"enable":true,"include":[],"exclude":[]},"compilerOptions":{"target":1,"jsx":1,"allowNonTsExtensions":true,"allowJs":true,"noEmitForJsFiles":true,"maxNodeModuleJsDepth":2},"typings":[],"unresolvedImports":["monogodb-memory-server"],"kind":"action::set"}
[23:38:6.86] Response has been sent.
