[23:46:36.257] Global cache location 'C:/Users/Owner/AppData/Local/Microsoft/TypeScript/3.8', safe file path 'c:/users/owner/appdata/roaming/npm/node_modules/typescript/lib/typingsafelist.json', types map path c:/users/owner/appdata/roaming/npm/node_modules/typescript/lib/typesmap.json
[23:46:36.258] Processing cache location 'C:/Users/Owner/AppData/Local/Microsoft/TypeScript/3.8'
[23:46:36.259] Trying to find 'C:/Users/Owner/AppData/Local/Microsoft/TypeScript/3.8/package.json'...
[23:46:36.260] Loaded content of 'C:/Users/Owner/AppData/Local/Microsoft/TypeScript/3.8/package.json': {"private":true,"dependencies":{"types-registry":"^0.1.488"},"devDependencies":{"@types/basic-auth":"^1.1.3","@types/body-parser":"^1.19.0","@types/bson":"^4.0.2","@types/bytes":"^3.1.0","@types/content-type":"^1.1.3","@types/cors":"^2.8.6","@types/depd":"^1.1.32","@types/ee-first":"^1.1.0","@types/express":"^4.17.6","@types/helmet":"0.0.46","@types/http-errors":"^1.6.3","@types/merge-descriptors":"^1.0.1","@types/mongodb":"^3.5.14","@types/morgan":"^1.9.0","@types/object-assign":"^4.0.30","@types/on-finished":"^2.3.1","@types/on-headers":"^1.0.0","@types/qs":"^6.9.1","@types/serve-static":"^1.13.3","@types/type-is":"^1.6.3","@types/vary":"^1.1.0"}}
[23:46:36.260] Loaded content of 'C:/Users/Owner/AppData/Local/Microsoft/TypeScript/3.8/package-lock.json'
[23:46:36.270] Adding entry into typings cache: 'basic-auth' => 'C:/Users/Owner/AppData/Local/Microsoft/TypeScript/3.8/node_modules/@types/basic-auth/index.d.ts'
[23:46:36.276] Adding entry into typings cache: 'body-parser' => 'C:/Users/Owner/AppData/Local/Microsoft/TypeScript/3.8/node_modules/@types/body-parser/index.d.ts'
[23:46:36.280] Adding entry into typings cache: 'bson' => 'C:/Users/Owner/AppData/Local/Microsoft/TypeScript/3.8/node_modules/@types/bson/index.d.ts'
[23:46:36.282] Adding entry into typings cache: 'bytes' => 'C:/Users/Owner/AppData/Local/Microsoft/TypeScript/3.8/node_modules/@types/bytes/index.d.ts'
[23:46:36.286] Adding entry into typings cache: 'content-type' => 'C:/Users/Owner/AppData/Local/Microsoft/TypeScript/3.8/node_modules/@types/content-type/index.d.ts'
[23:46:36.288] Adding entry into typings cache: 'cors' => 'C:/Users/Owner/AppData/Local/Microsoft/TypeScript/3.8/node_modules/@types/cors/index.d.ts'
[23:46:36.292] Adding entry into typings cache: 'depd' => 'C:/Users/Owner/AppData/Local/Microsoft/TypeScript/3.8/node_modules/@types/depd/index.d.ts'
[23:46:36.294] Adding entry into typings cache: 'ee-first' => 'C:/Users/Owner/AppData/Local/Microsoft/TypeScript/3.8/node_modules/@types/ee-first/index.d.ts'
[23:46:36.297] Adding entry into typings cache: 'express' => 'C:/Users/Owner/AppData/Local/Microsoft/TypeScript/3.8/node_modules/@types/express/index.d.ts'
[23:46:36.301] Adding entry into typings cache: 'helmet' => 'C:/Users/Owner/AppData/Local/Microsoft/TypeScript/3.8/node_modules/@types/helmet/index.d.ts'
[23:46:36.304] Adding entry into typings cache: 'http-errors' => 'C:/Users/Owner/AppData/Local/Microsoft/TypeScript/3.8/node_modules/@types/http-errors/index.d.ts'
[23:46:36.306] Adding entry into typings cache: 'merge-descriptors' => 'C:/Users/Owner/AppData/Local/Microsoft/TypeScript/3.8/node_modules/@types/merge-descriptors/index.d.ts'
[23:46:36.309] Adding entry into typings cache: 'mongodb' => 'C:/Users/Owner/AppData/Local/Microsoft/TypeScript/3.8/node_modules/@types/mongodb/index.d.ts'
[23:46:36.312] Adding entry into typings cache: 'morgan' => 'C:/Users/Owner/AppData/Local/Microsoft/TypeScript/3.8/node_modules/@types/morgan/index.d.ts'
[23:46:36.314] Adding entry into typings cache: 'object-assign' => 'C:/Users/Owner/AppData/Local/Microsoft/TypeScript/3.8/node_modules/@types/object-assign/index.d.ts'
[23:46:36.317] Adding entry into typings cache: 'on-finished' => 'C:/Users/Owner/AppData/Local/Microsoft/TypeScript/3.8/node_modules/@types/on-finished/index.d.ts'
[23:46:36.319] Adding entry into typings cache: 'on-headers' => 'C:/Users/Owner/AppData/Local/Microsoft/TypeScript/3.8/node_modules/@types/on-headers/index.d.ts'
[23:46:36.323] Adding entry into typings cache: 'qs' => 'C:/Users/Owner/AppData/Local/Microsoft/TypeScript/3.8/node_modules/@types/qs/index.d.ts'
[23:46:36.328] Adding entry into typings cache: 'serve-static' => 'C:/Users/Owner/AppData/Local/Microsoft/TypeScript/3.8/node_modules/@types/serve-static/index.d.ts'
[23:46:36.330] Adding entry into typings cache: 'type-is' => 'C:/Users/Owner/AppData/Local/Microsoft/TypeScript/3.8/node_modules/@types/type-is/index.d.ts'
[23:46:36.332] Adding entry into typings cache: 'vary' => 'C:/Users/Owner/AppData/Local/Microsoft/TypeScript/3.8/node_modules/@types/vary/index.d.ts'
[23:46:36.332] Finished processing cache location 'C:/Users/Owner/AppData/Local/Microsoft/TypeScript/3.8'
[23:46:36.333] Process id: 27528
[23:46:36.333] NPM location: "C:\Program Files\nodejs\npm" (explicit '--npmLocation' not  provided)
[23:46:36.333] validateDefaultNpmLocation: false
[23:46:36.333] Npm config file: C:/Users/Owner/AppData/Local/Microsoft/TypeScript/3.8/package.json
[23:46:36.334] Updating types-registry npm package...
[23:46:36.334] Exec: "C:\Program Files\nodejs\npm" install --ignore-scripts types-registry@latest
[23:46:39.237]     Succeeded. stdout:
    + types-registry@0.1.488
    updated 1 package and audited 95 packages in 1.932s
found 0 vulnerabilities


[23:46:39.237] Updated types-registry npm package
[23:46:39.248] Got install request {"projectName":"/dev/null/inferredProject1*","fileNames":["c:/Users/Owner/AppData/Roaming/npm/node_modules/typescript/lib/lib.d.ts","c:/Users/Owner/AppData/Roaming/npm/node_modules/typescript/lib/lib.es5.d.ts","c:/Users/Owner/AppData/Roaming/npm/node_modules/typescript/lib/lib.dom.d.ts","c:/Users/Owner/AppData/Roaming/npm/node_modules/typescript/lib/lib.webworker.importscripts.d.ts","c:/Users/Owner/AppData/Roaming/npm/node_modules/typescript/lib/lib.scripthost.d.ts","w:/SimpleServers/js/src/database/database.js","w:/SimpleServers/js/src/database/ads.js"],"compilerOptions":{"target":1,"jsx":1,"allowNonTsExtensions":true,"allowJs":true,"noEmitForJsFiles":true,"maxNodeModuleJsDepth":2},"typeAcquisition":{"enable":true,"include":[],"exclude":[]},"unresolvedImports":["monogodb-memory-server"],"projectRootPath":"w:/SimpleServers/js/src/database","kind":"discover"}
[23:46:39.260] Loaded safelist from types map file 'c:/users/owner/appdata/roaming/npm/node_modules/typescript/lib/typesmap.json'
[23:46:39.261] Explicitly included types: []
[23:46:39.262] Inferred typings from unresolved imports: ["monogodb-memory-server"]
[23:46:39.263] Result: {"cachedTypingPaths":[],"newTypingNames":["monogodb-memory-server"],"filesToWatch":["w:/SimpleServers/js/src/database/bower_components","w:/SimpleServers/js/src/database/node_modules"]}
[23:46:39.263] Finished typings discovery: {"cachedTypingPaths":[],"newTypingNames":["monogodb-memory-server"],"filesToWatch":["w:/SimpleServers/js/src/database/bower_components","w:/SimpleServers/js/src/database/node_modules"]}
[23:46:39.263] DirectoryWatcher:: Added:: WatchInfo: w:/SimpleServers/js/src/database/bower_components
[23:46:39.265] DirectoryWatcher:: Added:: WatchInfo: w:/SimpleServers/js/src/database/node_modules
[23:46:39.266] Installing typings ["monogodb-memory-server"]
[23:46:39.266] 'monogodb-memory-server':: Entry for package 'monogodb-memory-server' does not exist in local types registry - skipping...
[23:46:39.266] All typings are known to be missing or invalid - no need to install more typings
[23:46:39.267] Sending response:
    {"projectName":"/dev/null/inferredProject1*","typeAcquisition":{"enable":true,"include":[],"exclude":[]},"compilerOptions":{"target":1,"jsx":1,"allowNonTsExtensions":true,"allowJs":true,"noEmitForJsFiles":true,"maxNodeModuleJsDepth":2},"typings":[],"unresolvedImports":["monogodb-memory-server"],"kind":"action::set"}
[23:46:39.267] Response has been sent.
[23:54:17.537] Got install request {"projectName":"/dev/null/inferredProject1*","fileNames":["c:/Users/Owner/AppData/Roaming/npm/node_modules/typescript/lib/lib.d.ts","c:/Users/Owner/AppData/Roaming/npm/node_modules/typescript/lib/lib.es5.d.ts","c:/Users/Owner/AppData/Roaming/npm/node_modules/typescript/lib/lib.dom.d.ts","c:/Users/Owner/AppData/Roaming/npm/node_modules/typescript/lib/lib.webworker.importscripts.d.ts","c:/Users/Owner/AppData/Roaming/npm/node_modules/typescript/lib/lib.scripthost.d.ts","w:/SimpleServers/js/src/database/database.js","w:/SimpleServers/js/src/database/ads.js"],"compilerOptions":{"target":1,"jsx":1,"allowNonTsExtensions":true,"allowJs":true,"noEmitForJsFiles":true,"maxNodeModuleJsDepth":2},"typeAcquisition":{"enable":true,"include":[],"exclude":[]},"unresolvedImports":[],"projectRootPath":"w:/SimpleServers/js/src/database","kind":"discover"}
[23:54:17.538] Explicitly included types: []
[23:54:17.540] Inferred typings from unresolved imports: []
[23:54:17.540] Result: {"cachedTypingPaths":[],"newTypingNames":[],"filesToWatch":["w:/SimpleServers/js/src/database/bower_components","w:/SimpleServers/js/src/database/node_modules"]}
[23:54:17.541] Finished typings discovery: {"cachedTypingPaths":[],"newTypingNames":[],"filesToWatch":["w:/SimpleServers/js/src/database/bower_components","w:/SimpleServers/js/src/database/node_modules"]}
[23:54:17.542] Sending response:
    {"projectName":"/dev/null/inferredProject1*","typeAcquisition":{"enable":true,"include":[],"exclude":[]},"compilerOptions":{"target":1,"jsx":1,"allowNonTsExtensions":true,"allowJs":true,"noEmitForJsFiles":true,"maxNodeModuleJsDepth":2},"typings":[],"unresolvedImports":[],"kind":"action::set"}
[23:54:17.543] Response has been sent.
[23:54:17.543] No new typings were requested as a result of typings discovery
