[15:40:1.405] Global cache location 'C:/Users/Owner/AppData/Local/Microsoft/TypeScript/3.8', safe file path 'c:/users/owner/appdata/roaming/npm/node_modules/typescript/lib/typingsafelist.json', types map path c:/users/owner/appdata/roaming/npm/node_modules/typescript/lib/typesmap.json
[15:40:1.406] Processing cache location 'C:/Users/Owner/AppData/Local/Microsoft/TypeScript/3.8'
[15:40:1.407] Trying to find 'C:/Users/Owner/AppData/Local/Microsoft/TypeScript/3.8/package.json'...
[15:40:1.408] Loaded content of 'C:/Users/Owner/AppData/Local/Microsoft/TypeScript/3.8/package.json': {"private":true,"dependencies":{"types-registry":"^0.1.495"},"devDependencies":{"@types/basic-auth":"^1.1.3","@types/body-parser":"^1.19.0","@types/bson":"^4.0.2","@types/bytes":"^3.1.0","@types/content-type":"^1.1.3","@types/cors":"^2.8.6","@types/depd":"^1.1.32","@types/ee-first":"^1.1.0","@types/express":"^4.17.6","@types/helmet":"0.0.46","@types/http-errors":"^1.6.3","@types/merge-descriptors":"^1.0.1","@types/mongodb":"^3.5.14","@types/morgan":"^1.9.0","@types/object-assign":"^4.0.30","@types/on-finished":"^2.3.1","@types/on-headers":"^1.0.0","@types/qs":"^6.9.1","@types/serve-static":"^1.13.3","@types/type-is":"^1.6.3","@types/vary":"^1.1.0"}}
[15:40:1.409] Loaded content of 'C:/Users/Owner/AppData/Local/Microsoft/TypeScript/3.8/package-lock.json'
[15:40:1.421] Adding entry into typings cache: 'basic-auth' => 'C:/Users/Owner/AppData/Local/Microsoft/TypeScript/3.8/node_modules/@types/basic-auth/index.d.ts'
[15:40:1.428] Adding entry into typings cache: 'body-parser' => 'C:/Users/Owner/AppData/Local/Microsoft/TypeScript/3.8/node_modules/@types/body-parser/index.d.ts'
[15:40:1.434] Adding entry into typings cache: 'bson' => 'C:/Users/Owner/AppData/Local/Microsoft/TypeScript/3.8/node_modules/@types/bson/index.d.ts'
[15:40:1.441] Adding entry into typings cache: 'bytes' => 'C:/Users/Owner/AppData/Local/Microsoft/TypeScript/3.8/node_modules/@types/bytes/index.d.ts'
[15:40:1.448] Adding entry into typings cache: 'content-type' => 'C:/Users/Owner/AppData/Local/Microsoft/TypeScript/3.8/node_modules/@types/content-type/index.d.ts'
[15:40:1.454] Adding entry into typings cache: 'cors' => 'C:/Users/Owner/AppData/Local/Microsoft/TypeScript/3.8/node_modules/@types/cors/index.d.ts'
[15:40:1.460] Adding entry into typings cache: 'depd' => 'C:/Users/Owner/AppData/Local/Microsoft/TypeScript/3.8/node_modules/@types/depd/index.d.ts'
[15:40:1.465] Adding entry into typings cache: 'ee-first' => 'C:/Users/Owner/AppData/Local/Microsoft/TypeScript/3.8/node_modules/@types/ee-first/index.d.ts'
[15:40:1.468] Adding entry into typings cache: 'express' => 'C:/Users/Owner/AppData/Local/Microsoft/TypeScript/3.8/node_modules/@types/express/index.d.ts'
[15:40:1.474] Adding entry into typings cache: 'helmet' => 'C:/Users/Owner/AppData/Local/Microsoft/TypeScript/3.8/node_modules/@types/helmet/index.d.ts'
[15:40:1.478] Adding entry into typings cache: 'http-errors' => 'C:/Users/Owner/AppData/Local/Microsoft/TypeScript/3.8/node_modules/@types/http-errors/index.d.ts'
[15:40:1.482] Adding entry into typings cache: 'merge-descriptors' => 'C:/Users/Owner/AppData/Local/Microsoft/TypeScript/3.8/node_modules/@types/merge-descriptors/index.d.ts'
[15:40:1.485] Adding entry into typings cache: 'mongodb' => 'C:/Users/Owner/AppData/Local/Microsoft/TypeScript/3.8/node_modules/@types/mongodb/index.d.ts'
[15:40:1.487] Adding entry into typings cache: 'morgan' => 'C:/Users/Owner/AppData/Local/Microsoft/TypeScript/3.8/node_modules/@types/morgan/index.d.ts'
[15:40:1.491] Adding entry into typings cache: 'object-assign' => 'C:/Users/Owner/AppData/Local/Microsoft/TypeScript/3.8/node_modules/@types/object-assign/index.d.ts'
[15:40:1.495] Adding entry into typings cache: 'on-finished' => 'C:/Users/Owner/AppData/Local/Microsoft/TypeScript/3.8/node_modules/@types/on-finished/index.d.ts'
[15:40:1.498] Adding entry into typings cache: 'on-headers' => 'C:/Users/Owner/AppData/Local/Microsoft/TypeScript/3.8/node_modules/@types/on-headers/index.d.ts'
[15:40:1.502] Adding entry into typings cache: 'qs' => 'C:/Users/Owner/AppData/Local/Microsoft/TypeScript/3.8/node_modules/@types/qs/index.d.ts'
[15:40:1.505] Adding entry into typings cache: 'serve-static' => 'C:/Users/Owner/AppData/Local/Microsoft/TypeScript/3.8/node_modules/@types/serve-static/index.d.ts'
[15:40:1.508] Adding entry into typings cache: 'type-is' => 'C:/Users/Owner/AppData/Local/Microsoft/TypeScript/3.8/node_modules/@types/type-is/index.d.ts'
[15:40:1.511] Adding entry into typings cache: 'vary' => 'C:/Users/Owner/AppData/Local/Microsoft/TypeScript/3.8/node_modules/@types/vary/index.d.ts'
[15:40:1.512] Finished processing cache location 'C:/Users/Owner/AppData/Local/Microsoft/TypeScript/3.8'
[15:40:1.513] Process id: 24268
[15:40:1.513] NPM location: "C:\Program Files\nodejs\npm" (explicit '--npmLocation' not  provided)
[15:40:1.513] validateDefaultNpmLocation: false
[15:40:1.514] Npm config file: C:/Users/Owner/AppData/Local/Microsoft/TypeScript/3.8/package.json
[15:40:1.515] Updating types-registry npm package...
[15:40:1.515] Exec: "C:\Program Files\nodejs\npm" install --ignore-scripts types-registry@latest
[15:40:3.357]     Succeeded. stdout:
    + types-registry@0.1.495
    updated 1 package and audited 30 packages in 0.661s
found 0 vulnerabilities


[15:40:3.357] Updated types-registry npm package
[15:40:3.371] Got install request {"projectName":"/dev/null/inferredProject1*","fileNames":["c:/Users/Owner/AppData/Roaming/npm/node_modules/typescript/lib/lib.d.ts","c:/Users/Owner/AppData/Roaming/npm/node_modules/typescript/lib/lib.es5.d.ts","c:/Users/Owner/AppData/Roaming/npm/node_modules/typescript/lib/lib.dom.d.ts","c:/Users/Owner/AppData/Roaming/npm/node_modules/typescript/lib/lib.webworker.importscripts.d.ts","c:/Users/Owner/AppData/Roaming/npm/node_modules/typescript/lib/lib.scripthost.d.ts","w:/SimpleServers/js/src/database/database.js"],"compilerOptions":{"target":1,"jsx":1,"allowNonTsExtensions":true,"allowJs":true,"noEmitForJsFiles":true,"maxNodeModuleJsDepth":2},"typeAcquisition":{"enable":true,"include":[],"exclude":[]},"unresolvedImports":[],"projectRootPath":"w:/SimpleServers/js/src/database","kind":"discover"}
[15:40:3.386] Loaded safelist from types map file 'c:/users/owner/appdata/roaming/npm/node_modules/typescript/lib/typesmap.json'
[15:40:3.387] Explicitly included types: []
[15:40:3.388] Inferred typings from unresolved imports: []
[15:40:3.389] Result: {"cachedTypingPaths":[],"newTypingNames":[],"filesToWatch":["w:/SimpleServers/js/src/database/bower_components","w:/SimpleServers/js/src/database/node_modules"]}
[15:40:3.389] Finished typings discovery: {"cachedTypingPaths":[],"newTypingNames":[],"filesToWatch":["w:/SimpleServers/js/src/database/bower_components","w:/SimpleServers/js/src/database/node_modules"]}
[15:40:3.390] DirectoryWatcher:: Added:: WatchInfo: w:/SimpleServers/js/src/database/bower_components
[15:40:3.393] DirectoryWatcher:: Added:: WatchInfo: w:/SimpleServers/js/src/database/node_modules
[15:40:3.393] Sending response:
    {"projectName":"/dev/null/inferredProject1*","typeAcquisition":{"enable":true,"include":[],"exclude":[]},"compilerOptions":{"target":1,"jsx":1,"allowNonTsExtensions":true,"allowJs":true,"noEmitForJsFiles":true,"maxNodeModuleJsDepth":2},"typings":[],"unresolvedImports":[],"kind":"action::set"}
[15:40:3.394] Response has been sent.
[15:40:3.394] No new typings were requested as a result of typings discovery
[15:40:6.369] Got install request {"projectName":"/dev/null/inferredProject2*","fileNames":["c:/Users/Owner/AppData/Roaming/npm/node_modules/typescript/lib/lib.d.ts","c:/Users/Owner/AppData/Roaming/npm/node_modules/typescript/lib/lib.es5.d.ts","c:/Users/Owner/AppData/Roaming/npm/node_modules/typescript/lib/lib.dom.d.ts","c:/Users/Owner/AppData/Roaming/npm/node_modules/typescript/lib/lib.webworker.importscripts.d.ts","c:/Users/Owner/AppData/Roaming/npm/node_modules/typescript/lib/lib.scripthost.d.ts","w:/SimpleServers/js/src/database/database.js","w:/SimpleServers/js/src/database/buds.js"],"compilerOptions":{"target":1,"jsx":1,"allowNonTsExtensions":true,"allowJs":true,"noEmitForJsFiles":true,"maxNodeModuleJsDepth":2},"typeAcquisition":{"enable":true,"include":[],"exclude":[]},"unresolvedImports":[],"projectRootPath":"w:/SimpleServers/js/src/database","kind":"discover"}
[15:40:6.369] Explicitly included types: []
[15:40:6.370] Inferred typings from unresolved imports: []
[15:40:6.370] Result: {"cachedTypingPaths":[],"newTypingNames":[],"filesToWatch":["w:/SimpleServers/js/src/database/bower_components","w:/SimpleServers/js/src/database/node_modules"]}
[15:40:6.371] Finished typings discovery: {"cachedTypingPaths":[],"newTypingNames":[],"filesToWatch":["w:/SimpleServers/js/src/database/bower_components","w:/SimpleServers/js/src/database/node_modules"]}
[15:40:6.371] DirectoryWatcher:: Added:: WatchInfo: w:/SimpleServers/js/src/database/bower_components
[15:40:6.371] DirectoryWatcher:: Added:: WatchInfo: w:/SimpleServers/js/src/database/node_modules
[15:40:6.372] Sending response:
    {"projectName":"/dev/null/inferredProject2*","typeAcquisition":{"enable":true,"include":[],"exclude":[]},"compilerOptions":{"target":1,"jsx":1,"allowNonTsExtensions":true,"allowJs":true,"noEmitForJsFiles":true,"maxNodeModuleJsDepth":2},"typings":[],"unresolvedImports":[],"kind":"action::set"}
[15:40:6.372] Response has been sent.
[15:40:6.372] No new typings were requested as a result of typings discovery
