[23:45:28.452] Global cache location 'C:/Users/Owner/AppData/Local/Microsoft/TypeScript/3.8', safe file path 'c:/users/owner/appdata/roaming/npm/node_modules/typescript/lib/typingsafelist.json', types map path c:/users/owner/appdata/roaming/npm/node_modules/typescript/lib/typesmap.json
[23:45:28.454] Processing cache location 'C:/Users/Owner/AppData/Local/Microsoft/TypeScript/3.8'
[23:45:28.454] Trying to find 'C:/Users/Owner/AppData/Local/Microsoft/TypeScript/3.8/package.json'...
[23:45:28.455] Loaded content of 'C:/Users/Owner/AppData/Local/Microsoft/TypeScript/3.8/package.json': {"private":true,"dependencies":{"types-registry":"^0.1.488"},"devDependencies":{"@types/bson":"^4.0.2","@types/mongodb":"^3.5.14"}}
[23:45:28.456] Loaded content of 'C:/Users/Owner/AppData/Local/Microsoft/TypeScript/3.8/package-lock.json'
[23:45:28.467] Adding entry into typings cache: 'bson' => 'C:/Users/Owner/AppData/Local/Microsoft/TypeScript/3.8/node_modules/@types/bson/index.d.ts'
[23:45:28.474] Adding entry into typings cache: 'mongodb' => 'C:/Users/Owner/AppData/Local/Microsoft/TypeScript/3.8/node_modules/@types/mongodb/index.d.ts'
[23:45:28.475] Finished processing cache location 'C:/Users/Owner/AppData/Local/Microsoft/TypeScript/3.8'
[23:45:28.475] Process id: 16304
[23:45:28.475] NPM location: "C:\Program Files\nodejs\npm" (explicit '--npmLocation' not  provided)
[23:45:28.475] validateDefaultNpmLocation: false
[23:45:28.476] Npm config file: C:/Users/Owner/AppData/Local/Microsoft/TypeScript/3.8/package.json
[23:45:28.476] Updating types-registry npm package...
[23:45:28.476] Exec: "C:\Program Files\nodejs\npm" install --ignore-scripts types-registry@latest
[23:45:31.648]     Succeeded. stdout:
    + types-registry@0.1.488
    updated 1 package and audited 7 packages in 2.061s
found 0 vulnerabilities


[23:45:31.648] Updated types-registry npm package
[23:45:31.659] Got install request {"projectName":"/dev/null/inferredProject1*","fileNames":["c:/Users/Owner/AppData/Roaming/npm/node_modules/typescript/lib/lib.d.ts","c:/Users/Owner/AppData/Roaming/npm/node_modules/typescript/lib/lib.es5.d.ts","c:/Users/Owner/AppData/Roaming/npm/node_modules/typescript/lib/lib.dom.d.ts","c:/Users/Owner/AppData/Roaming/npm/node_modules/typescript/lib/lib.webworker.importscripts.d.ts","c:/Users/Owner/AppData/Roaming/npm/node_modules/typescript/lib/lib.scripthost.d.ts","w:/SimpleServers/js/src/index.js"],"compilerOptions":{"target":1,"jsx":1,"allowNonTsExtensions":true,"allowJs":true,"noEmitForJsFiles":true,"maxNodeModuleJsDepth":2},"typeAcquisition":{"enable":true,"include":[],"exclude":[]},"unresolvedImports":["basic-auth","body-parser","bytes","content-type","cors","depd","ee-first","express","helmet","hpkp","hsts","http-errors","merge-descriptors","morgan","object-assign","on-finished","on-headers","qs","serve-static","type-is","vary"],"projectRootPath":"w:/SimpleServers/js/src","kind":"discover"}
[23:45:31.675] Loaded safelist from types map file 'c:/users/owner/appdata/roaming/npm/node_modules/typescript/lib/typesmap.json'
[23:45:31.676] Explicitly included types: []
[23:45:31.678] Inferred typings from unresolved imports: ["basic-auth","body-parser","hsts","http-errors","merge-descriptors","morgan","object-assign","on-finished","on-headers","qs","serve-static","type-is","bytes","vary","content-type","cors","depd","ee-first","express","helmet","hpkp"]
[23:45:31.678] Result: {"cachedTypingPaths":[],"newTypingNames":["basic-auth","body-parser","hsts","http-errors","merge-descriptors","morgan","object-assign","on-finished","on-headers","qs","serve-static","type-is","bytes","vary","content-type","cors","depd","ee-first","express","helmet","hpkp"],"filesToWatch":["w:/SimpleServers/js/src/bower_components","w:/SimpleServers/js/src/node_modules"]}
[23:45:31.678] Finished typings discovery: {"cachedTypingPaths":[],"newTypingNames":["basic-auth","body-parser","hsts","http-errors","merge-descriptors","morgan","object-assign","on-finished","on-headers","qs","serve-static","type-is","bytes","vary","content-type","cors","depd","ee-first","express","helmet","hpkp"],"filesToWatch":["w:/SimpleServers/js/src/bower_components","w:/SimpleServers/js/src/node_modules"]}
[23:45:31.679] DirectoryWatcher:: Added:: WatchInfo: w:/SimpleServers/js/src/bower_components
[23:45:31.681] DirectoryWatcher:: Added:: WatchInfo: w:/SimpleServers/js/src/node_modules
[23:45:31.682] Installing typings ["basic-auth","body-parser","hsts","http-errors","merge-descriptors","morgan","object-assign","on-finished","on-headers","qs","serve-static","type-is","bytes","vary","content-type","cors","depd","ee-first","express","helmet","hpkp"]
[23:45:31.683] 'hsts':: Entry for package 'hsts' does not exist in local types registry - skipping...
[23:45:31.683] 'hpkp':: Entry for package 'hpkp' does not exist in local types registry - skipping...
[23:45:31.684] Npm config file: C:/Users/Owner/AppData/Local/Microsoft/TypeScript/3.8/package.json
[23:45:31.684] Sending response:
    {"kind":"event::beginInstallTypes","eventId":1,"typingsInstallerVersion":"3.8.3","projectName":"/dev/null/inferredProject1*"}
[23:45:31.685] Response has been sent.
[23:45:31.685] #1 with arguments'["@types/basic-auth@ts3.8","@types/body-parser@ts3.8","@types/http-errors@ts3.8","@types/merge-descriptors@ts3.8","@types/morgan@ts3.8","@types/object-assign@ts3.8","@types/on-finished@ts3.8","@types/on-headers@ts3.8","@types/qs@ts3.8","@types/serve-static@ts3.8","@types/type-is@ts3.8","@types/bytes@ts3.8","@types/vary@ts3.8","@types/content-type@ts3.8","@types/cors@ts3.8","@types/depd@ts3.8","@types/ee-first@ts3.8","@types/express@ts3.8","@types/helmet@ts3.8"]'.
[23:45:31.685] Exec: "C:\Program Files\nodejs\npm" install --ignore-scripts @types/basic-auth@ts3.8 @types/body-parser@ts3.8 @types/http-errors@ts3.8 @types/merge-descriptors@ts3.8 @types/morgan@ts3.8 @types/object-assign@ts3.8 @types/on-finished@ts3.8 @types/on-headers@ts3.8 @types/qs@ts3.8 @types/serve-static@ts3.8 @types/type-is@ts3.8 @types/bytes@ts3.8 @types/vary@ts3.8 @types/content-type@ts3.8 @types/cors@ts3.8 @types/depd@ts3.8 @types/ee-first@ts3.8 @types/express@ts3.8 @types/helmet@ts3.8 --save-dev --user-agent="typesInstaller/3.8.3"
[23:45:37.487]     Succeeded. stdout:
    + @types/http-errors@1.6.3
    + @types/body-parser@1.19.0
+ @types/serve-static@1.13.3
+ @types/basic-auth@1.1.3
+ @types/on-finished@2.3.1
+ @types/on-headers@1.0.0
+ @types/object-assign@4.0.30
+ @types/merge-descriptors@1.0.1
+ @types/morgan@1.9.0
+ @types/qs@6.9.1
+ @types/type-is@1.6.3
+ @types/content-type@1.1.3
+ @types/ee-first@1.1.0
+ @types/vary@1.1.0
+ @types/depd@1.1.32
+ @types/bytes@3.1.0
+ @types/cors@2.8.6
+ @types/helmet@0.0.46
+ @types/express@4.17.6
added 23 packages from 53 contributors and audited 95 packages in 4.948s
found 0 vulnerabilities


[23:45:37.488] npm install #1 took: 5803 ms
[23:45:37.488] Installed typings ["@types/basic-auth@ts3.8","@types/body-parser@ts3.8","@types/http-errors@ts3.8","@types/merge-descriptors@ts3.8","@types/morgan@ts3.8","@types/object-assign@ts3.8","@types/on-finished@ts3.8","@types/on-headers@ts3.8","@types/qs@ts3.8","@types/serve-static@ts3.8","@types/type-is@ts3.8","@types/bytes@ts3.8","@types/vary@ts3.8","@types/content-type@ts3.8","@types/cors@ts3.8","@types/depd@ts3.8","@types/ee-first@ts3.8","@types/express@ts3.8","@types/helmet@ts3.8"]
[23:45:37.542] Installed typing files ["C:/Users/Owner/AppData/Local/Microsoft/TypeScript/3.8/node_modules/@types/basic-auth/index.d.ts","C:/Users/Owner/AppData/Local/Microsoft/TypeScript/3.8/node_modules/@types/body-parser/index.d.ts","C:/Users/Owner/AppData/Local/Microsoft/TypeScript/3.8/node_modules/@types/http-errors/index.d.ts","C:/Users/Owner/AppData/Local/Microsoft/TypeScript/3.8/node_modules/@types/merge-descriptors/index.d.ts","C:/Users/Owner/AppData/Local/Microsoft/TypeScript/3.8/node_modules/@types/morgan/index.d.ts","C:/Users/Owner/AppData/Local/Microsoft/TypeScript/3.8/node_modules/@types/object-assign/index.d.ts","C:/Users/Owner/AppData/Local/Microsoft/TypeScript/3.8/node_modules/@types/on-finished/index.d.ts","C:/Users/Owner/AppData/Local/Microsoft/TypeScript/3.8/node_modules/@types/on-headers/index.d.ts","C:/Users/Owner/AppData/Local/Microsoft/TypeScript/3.8/node_modules/@types/qs/index.d.ts","C:/Users/Owner/AppData/Local/Microsoft/TypeScript/3.8/node_modules/@types/serve-static/index.d.ts","C:/Users/Owner/AppData/Local/Microsoft/TypeScript/3.8/node_modules/@types/type-is/index.d.ts","C:/Users/Owner/AppData/Local/Microsoft/TypeScript/3.8/node_modules/@types/bytes/index.d.ts","C:/Users/Owner/AppData/Local/Microsoft/TypeScript/3.8/node_modules/@types/vary/index.d.ts","C:/Users/Owner/AppData/Local/Microsoft/TypeScript/3.8/node_modules/@types/content-type/index.d.ts","C:/Users/Owner/AppData/Local/Microsoft/TypeScript/3.8/node_modules/@types/cors/index.d.ts","C:/Users/Owner/AppData/Local/Microsoft/TypeScript/3.8/node_modules/@types/depd/index.d.ts","C:/Users/Owner/AppData/Local/Microsoft/TypeScript/3.8/node_modules/@types/ee-first/index.d.ts","C:/Users/Owner/AppData/Local/Microsoft/TypeScript/3.8/node_modules/@types/express/index.d.ts","C:/Users/Owner/AppData/Local/Microsoft/TypeScript/3.8/node_modules/@types/helmet/index.d.ts"]
[23:45:37.542] Sending response:
    {"projectName":"/dev/null/inferredProject1*","typeAcquisition":{"enable":true,"include":[],"exclude":[]},"compilerOptions":{"target":1,"jsx":1,"allowNonTsExtensions":true,"allowJs":true,"noEmitForJsFiles":true,"maxNodeModuleJsDepth":2},"typings":["C:/Users/Owner/AppData/Local/Microsoft/TypeScript/3.8/node_modules/@types/basic-auth/index.d.ts","C:/Users/Owner/AppData/Local/Microsoft/TypeScript/3.8/node_modules/@types/body-parser/index.d.ts","C:/Users/Owner/AppData/Local/Microsoft/TypeScript/3.8/node_modules/@types/http-errors/index.d.ts","C:/Users/Owner/AppData/Local/Microsoft/TypeScript/3.8/node_modules/@types/merge-descriptors/index.d.ts","C:/Users/Owner/AppData/Local/Microsoft/TypeScript/3.8/node_modules/@types/morgan/index.d.ts","C:/Users/Owner/AppData/Local/Microsoft/TypeScript/3.8/node_modules/@types/object-assign/index.d.ts","C:/Users/Owner/AppData/Local/Microsoft/TypeScript/3.8/node_modules/@types/on-finished/index.d.ts","C:/Users/Owner/AppData/Local/Microsoft/TypeScript/3.8/node_modules/@types/on-headers/index.d.ts","C:/Users/Owner/AppData/Local/Microsoft/TypeScript/3.8/node_modules/@types/qs/index.d.ts","C:/Users/Owner/AppData/Local/Microsoft/TypeScript/3.8/node_modules/@types/serve-static/index.d.ts","C:/Users/Owner/AppData/Local/Microsoft/TypeScript/3.8/node_modules/@types/type-is/index.d.ts","C:/Users/Owner/AppData/Local/Microsoft/TypeScript/3.8/node_modules/@types/bytes/index.d.ts","C:/Users/Owner/AppData/Local/Microsoft/TypeScript/3.8/node_modules/@types/vary/index.d.ts","C:/Users/Owner/AppData/Local/Microsoft/TypeScript/3.8/node_modules/@types/content-type/index.d.ts","C:/Users/Owner/AppData/Local/Microsoft/TypeScript/3.8/node_modules/@types/cors/index.d.ts","C:/Users/Owner/AppData/Local/Microsoft/TypeScript/3.8/node_modules/@types/depd/index.d.ts","C:/Users/Owner/AppData/Local/Microsoft/TypeScript/3.8/node_modules/@types/ee-first/index.d.ts","C:/Users/Owner/AppData/Local/Microsoft/TypeScript/3.8/node_modules/@types/express/index.d.ts","C:/Users/Owner/AppData/Local/Microsoft/TypeScript/3.8/node_modules/@types/helmet/index.d.ts"],"unresolvedImports":["basic-auth","body-parser","bytes","content-type","cors","depd","ee-first","express","helmet","hpkp","hsts","http-errors","merge-descriptors","morgan","object-assign","on-finished","on-headers","qs","serve-static","type-is","vary"],"kind":"action::set"}
[23:45:37.543] Response has been sent.
[23:45:37.543] Sending response:
    {"kind":"event::endInstallTypes","eventId":1,"projectName":"/dev/null/inferredProject1*","packagesToInstall":["@types/basic-auth@ts3.8","@types/body-parser@ts3.8","@types/http-errors@ts3.8","@types/merge-descriptors@ts3.8","@types/morgan@ts3.8","@types/object-assign@ts3.8","@types/on-finished@ts3.8","@types/on-headers@ts3.8","@types/qs@ts3.8","@types/serve-static@ts3.8","@types/type-is@ts3.8","@types/bytes@ts3.8","@types/vary@ts3.8","@types/content-type@ts3.8","@types/cors@ts3.8","@types/depd@ts3.8","@types/ee-first@ts3.8","@types/express@ts3.8","@types/helmet@ts3.8"],"installSuccess":true,"typingsInstallerVersion":"3.8.3"}
[23:45:37.543] Response has been sent.
[23:45:38.406] Got install request {"projectName":"/dev/null/inferredProject1*","fileNames":["c:/Users/Owner/AppData/Roaming/npm/node_modules/typescript/lib/lib.d.ts","c:/Users/Owner/AppData/Roaming/npm/node_modules/typescript/lib/lib.es5.d.ts","c:/Users/Owner/AppData/Roaming/npm/node_modules/typescript/lib/lib.dom.d.ts","c:/Users/Owner/AppData/Roaming/npm/node_modules/typescript/lib/lib.webworker.importscripts.d.ts","c:/Users/Owner/AppData/Roaming/npm/node_modules/typescript/lib/lib.scripthost.d.ts","C:/Users/Owner/AppData/Local/Microsoft/TypeScript/3.8/node_modules/@types/serve-static/index.d.ts","C:/Users/Owner/AppData/Local/Microsoft/TypeScript/3.8/node_modules/@types/body-parser/index.d.ts","C:/Users/Owner/AppData/Local/Microsoft/TypeScript/3.8/node_modules/@types/qs/index.d.ts","C:/Users/Owner/AppData/Local/Microsoft/TypeScript/3.8/node_modules/@types/express/index.d.ts","C:/Users/Owner/AppData/Local/Microsoft/TypeScript/3.8/node_modules/@types/cors/index.d.ts","C:/Users/Owner/AppData/Local/Microsoft/TypeScript/3.8/node_modules/@types/helmet/index.d.ts","C:/Users/Owner/AppData/Local/Microsoft/TypeScript/3.8/node_modules/@types/morgan/index.d.ts","w:/SimpleServers/js/src/index.js","C:/Users/Owner/AppData/Local/Microsoft/TypeScript/3.8/node_modules/@types/basic-auth/index.d.ts","C:/Users/Owner/AppData/Local/Microsoft/TypeScript/3.8/node_modules/@types/bytes/index.d.ts","C:/Users/Owner/AppData/Local/Microsoft/TypeScript/3.8/node_modules/@types/content-type/index.d.ts","C:/Users/Owner/AppData/Local/Microsoft/TypeScript/3.8/node_modules/@types/depd/index.d.ts","C:/Users/Owner/AppData/Local/Microsoft/TypeScript/3.8/node_modules/@types/ee-first/index.d.ts","C:/Users/Owner/AppData/Local/Microsoft/TypeScript/3.8/node_modules/@types/http-errors/index.d.ts","C:/Users/Owner/AppData/Local/Microsoft/TypeScript/3.8/node_modules/@types/merge-descriptors/index.d.ts","C:/Users/Owner/AppData/Local/Microsoft/TypeScript/3.8/node_modules/@types/object-assign/index.d.ts","C:/Users/Owner/AppData/Local/Microsoft/TypeScript/3.8/node_modules/@types/on-finished/index.d.ts","C:/Users/Owner/AppData/Local/Microsoft/TypeScript/3.8/node_modules/@types/on-headers/index.d.ts","C:/Users/Owner/AppData/Local/Microsoft/TypeScript/3.8/node_modules/@types/type-is/index.d.ts","C:/Users/Owner/AppData/Local/Microsoft/TypeScript/3.8/node_modules/@types/vary/index.d.ts"],"compilerOptions":{"target":1,"jsx":1,"allowNonTsExtensions":true,"allowJs":true,"noEmitForJsFiles":true,"maxNodeModuleJsDepth":2},"typeAcquisition":{"enable":true,"include":[],"exclude":[]},"unresolvedImports":[],"projectRootPath":"w:/SimpleServers/js/src","kind":"discover"}
[23:45:38.407] Explicitly included types: []
[23:45:38.408] Inferred typings from unresolved imports: []
[23:45:38.408] Result: {"cachedTypingPaths":[],"newTypingNames":[],"filesToWatch":["w:/SimpleServers/js/src/bower_components","w:/SimpleServers/js/src/node_modules"]}
[23:45:38.408] Finished typings discovery: {"cachedTypingPaths":[],"newTypingNames":[],"filesToWatch":["w:/SimpleServers/js/src/bower_components","w:/SimpleServers/js/src/node_modules"]}
[23:45:38.409] Sending response:
    {"projectName":"/dev/null/inferredProject1*","typeAcquisition":{"enable":true,"include":[],"exclude":[]},"compilerOptions":{"target":1,"jsx":1,"allowNonTsExtensions":true,"allowJs":true,"noEmitForJsFiles":true,"maxNodeModuleJsDepth":2},"typings":[],"unresolvedImports":[],"kind":"action::set"}
[23:45:38.409] Response has been sent.
[23:45:38.410] No new typings were requested as a result of typings discovery
[23:45:38.827] Got install request {"projectName":"/dev/null/inferredProject1*","fileNames":["c:/Users/Owner/AppData/Roaming/npm/node_modules/typescript/lib/lib.d.ts","c:/Users/Owner/AppData/Roaming/npm/node_modules/typescript/lib/lib.es5.d.ts","c:/Users/Owner/AppData/Roaming/npm/node_modules/typescript/lib/lib.dom.d.ts","c:/Users/Owner/AppData/Roaming/npm/node_modules/typescript/lib/lib.webworker.importscripts.d.ts","c:/Users/Owner/AppData/Roaming/npm/node_modules/typescript/lib/lib.scripthost.d.ts","w:/SimpleServers/js/src/index.js"],"compilerOptions":{"target":1,"jsx":1,"allowNonTsExtensions":true,"allowJs":true,"noEmitForJsFiles":true,"maxNodeModuleJsDepth":2},"typeAcquisition":{"enable":true,"include":[],"exclude":[]},"unresolvedImports":[],"projectRootPath":"w:/SimpleServers/js/src","kind":"discover"}
[23:45:38.827] Explicitly included types: []
[23:45:38.828] Inferred typings from unresolved imports: []
[23:45:38.828] Result: {"cachedTypingPaths":[],"newTypingNames":[],"filesToWatch":["w:/SimpleServers/js/src/bower_components","w:/SimpleServers/js/src/node_modules"]}
[23:45:38.828] Finished typings discovery: {"cachedTypingPaths":[],"newTypingNames":[],"filesToWatch":["w:/SimpleServers/js/src/bower_components","w:/SimpleServers/js/src/node_modules"]}
[23:45:38.828] Sending response:
    {"projectName":"/dev/null/inferredProject1*","typeAcquisition":{"enable":true,"include":[],"exclude":[]},"compilerOptions":{"target":1,"jsx":1,"allowNonTsExtensions":true,"allowJs":true,"noEmitForJsFiles":true,"maxNodeModuleJsDepth":2},"typings":[],"unresolvedImports":[],"kind":"action::set"}
[23:45:38.829] Response has been sent.
[23:45:38.829] No new typings were requested as a result of typings discovery
