[15:37:39.541] Global cache location 'C:/Users/Owner/AppData/Local/Microsoft/TypeScript/3.8', safe file path 'c:/users/owner/appdata/roaming/npm/node_modules/typescript/lib/typingsafelist.json', types map path c:/users/owner/appdata/roaming/npm/node_modules/typescript/lib/typesmap.json
[15:37:39.543] Processing cache location 'C:/Users/Owner/AppData/Local/Microsoft/TypeScript/3.8'
[15:37:39.544] Trying to find 'C:/Users/Owner/AppData/Local/Microsoft/TypeScript/3.8/package.json'...
[15:37:39.546] Loaded content of 'C:/Users/Owner/AppData/Local/Microsoft/TypeScript/3.8/package.json': {"private":true,"dependencies":{"types-registry":"^0.1.488"},"devDependencies":{"@types/basic-auth":"^1.1.3","@types/body-parser":"^1.19.0","@types/bson":"^4.0.2","@types/bytes":"^3.1.0","@types/content-type":"^1.1.3","@types/cors":"^2.8.6","@types/depd":"^1.1.32","@types/ee-first":"^1.1.0","@types/express":"^4.17.6","@types/helmet":"0.0.46","@types/http-errors":"^1.6.3","@types/merge-descriptors":"^1.0.1","@types/mongodb":"^3.5.14","@types/morgan":"^1.9.0","@types/object-assign":"^4.0.30","@types/on-finished":"^2.3.1","@types/on-headers":"^1.0.0","@types/qs":"^6.9.1","@types/serve-static":"^1.13.3","@types/type-is":"^1.6.3","@types/vary":"^1.1.0"}}
[15:37:39.547] Loaded content of 'C:/Users/Owner/AppData/Local/Microsoft/TypeScript/3.8/package-lock.json'
[15:37:39.560] Adding entry into typings cache: 'basic-auth' => 'C:/Users/Owner/AppData/Local/Microsoft/TypeScript/3.8/node_modules/@types/basic-auth/index.d.ts'
[15:37:39.564] Adding entry into typings cache: 'body-parser' => 'C:/Users/Owner/AppData/Local/Microsoft/TypeScript/3.8/node_modules/@types/body-parser/index.d.ts'
[15:37:39.570] Adding entry into typings cache: 'bson' => 'C:/Users/Owner/AppData/Local/Microsoft/TypeScript/3.8/node_modules/@types/bson/index.d.ts'
[15:37:39.575] Adding entry into typings cache: 'bytes' => 'C:/Users/Owner/AppData/Local/Microsoft/TypeScript/3.8/node_modules/@types/bytes/index.d.ts'
[15:37:39.580] Adding entry into typings cache: 'content-type' => 'C:/Users/Owner/AppData/Local/Microsoft/TypeScript/3.8/node_modules/@types/content-type/index.d.ts'
[15:37:39.583] Adding entry into typings cache: 'cors' => 'C:/Users/Owner/AppData/Local/Microsoft/TypeScript/3.8/node_modules/@types/cors/index.d.ts'
[15:37:39.587] Adding entry into typings cache: 'depd' => 'C:/Users/Owner/AppData/Local/Microsoft/TypeScript/3.8/node_modules/@types/depd/index.d.ts'
[15:37:39.593] Adding entry into typings cache: 'ee-first' => 'C:/Users/Owner/AppData/Local/Microsoft/TypeScript/3.8/node_modules/@types/ee-first/index.d.ts'
[15:37:39.600] Adding entry into typings cache: 'express' => 'C:/Users/Owner/AppData/Local/Microsoft/TypeScript/3.8/node_modules/@types/express/index.d.ts'
[15:37:39.605] Adding entry into typings cache: 'helmet' => 'C:/Users/Owner/AppData/Local/Microsoft/TypeScript/3.8/node_modules/@types/helmet/index.d.ts'
[15:37:39.610] Adding entry into typings cache: 'http-errors' => 'C:/Users/Owner/AppData/Local/Microsoft/TypeScript/3.8/node_modules/@types/http-errors/index.d.ts'
[15:37:39.614] Adding entry into typings cache: 'merge-descriptors' => 'C:/Users/Owner/AppData/Local/Microsoft/TypeScript/3.8/node_modules/@types/merge-descriptors/index.d.ts'
[15:37:39.618] Adding entry into typings cache: 'mongodb' => 'C:/Users/Owner/AppData/Local/Microsoft/TypeScript/3.8/node_modules/@types/mongodb/index.d.ts'
[15:37:39.621] Adding entry into typings cache: 'morgan' => 'C:/Users/Owner/AppData/Local/Microsoft/TypeScript/3.8/node_modules/@types/morgan/index.d.ts'
[15:37:39.626] Adding entry into typings cache: 'object-assign' => 'C:/Users/Owner/AppData/Local/Microsoft/TypeScript/3.8/node_modules/@types/object-assign/index.d.ts'
[15:37:39.630] Adding entry into typings cache: 'on-finished' => 'C:/Users/Owner/AppData/Local/Microsoft/TypeScript/3.8/node_modules/@types/on-finished/index.d.ts'
[15:37:39.633] Adding entry into typings cache: 'on-headers' => 'C:/Users/Owner/AppData/Local/Microsoft/TypeScript/3.8/node_modules/@types/on-headers/index.d.ts'
[15:37:39.637] Adding entry into typings cache: 'qs' => 'C:/Users/Owner/AppData/Local/Microsoft/TypeScript/3.8/node_modules/@types/qs/index.d.ts'
[15:37:39.642] Adding entry into typings cache: 'serve-static' => 'C:/Users/Owner/AppData/Local/Microsoft/TypeScript/3.8/node_modules/@types/serve-static/index.d.ts'
[15:37:39.647] Adding entry into typings cache: 'type-is' => 'C:/Users/Owner/AppData/Local/Microsoft/TypeScript/3.8/node_modules/@types/type-is/index.d.ts'
[15:37:39.651] Adding entry into typings cache: 'vary' => 'C:/Users/Owner/AppData/Local/Microsoft/TypeScript/3.8/node_modules/@types/vary/index.d.ts'
[15:37:39.652] Finished processing cache location 'C:/Users/Owner/AppData/Local/Microsoft/TypeScript/3.8'
[15:37:39.652] Process id: 13196
[15:37:39.652] NPM location: "C:\Program Files\nodejs\npm" (explicit '--npmLocation' not  provided)
[15:37:39.652] validateDefaultNpmLocation: false
[15:37:39.653] Npm config file: C:/Users/Owner/AppData/Local/Microsoft/TypeScript/3.8/package.json
[15:37:39.653] Updating types-registry npm package...
[15:37:39.653] Exec: "C:\Program Files\nodejs\npm" install --ignore-scripts types-registry@latest
[15:37:42.736]     Succeeded. stdout:
    + types-registry@0.1.495
    updated 1 package and audited 30 packages in 1.565s
found 0 vulnerabilities


[15:37:42.736] Updated types-registry npm package
[15:37:42.752] Got install request {"projectName":"/dev/null/inferredProject1*","fileNames":["c:/Users/Owner/AppData/Roaming/npm/node_modules/typescript/lib/lib.d.ts","c:/Users/Owner/AppData/Roaming/npm/node_modules/typescript/lib/lib.es5.d.ts","c:/Users/Owner/AppData/Roaming/npm/node_modules/typescript/lib/lib.dom.d.ts","c:/Users/Owner/AppData/Roaming/npm/node_modules/typescript/lib/lib.webworker.importscripts.d.ts","c:/Users/Owner/AppData/Roaming/npm/node_modules/typescript/lib/lib.scripthost.d.ts","w:/SimpleServers/js/src/database/database.js","w:/SimpleServers/js/src/database/buds.js","w:/SimpleServers/js/src/index.js"],"compilerOptions":{"target":1,"jsx":1,"allowNonTsExtensions":true,"allowJs":true,"noEmitForJsFiles":true,"maxNodeModuleJsDepth":2},"typeAcquisition":{"enable":true,"include":[],"exclude":[]},"unresolvedImports":[],"projectRootPath":"w:/SimpleServers/js/src","kind":"discover"}
[15:37:42.767] Loaded safelist from types map file 'c:/users/owner/appdata/roaming/npm/node_modules/typescript/lib/typesmap.json'
[15:37:42.767] Explicitly included types: []
[15:37:42.769] Inferred typings from unresolved imports: []
[15:37:42.769] Result: {"cachedTypingPaths":[],"newTypingNames":[],"filesToWatch":["w:/SimpleServers/js/src/database/bower_components","w:/SimpleServers/js/src/database/node_modules","w:/SimpleServers/js/src/bower_components","w:/SimpleServers/js/src/node_modules"]}
[15:37:42.770] Finished typings discovery: {"cachedTypingPaths":[],"newTypingNames":[],"filesToWatch":["w:/SimpleServers/js/src/database/bower_components","w:/SimpleServers/js/src/database/node_modules","w:/SimpleServers/js/src/bower_components","w:/SimpleServers/js/src/node_modules"]}
[15:37:42.770] DirectoryWatcher:: Added:: WatchInfo: w:/SimpleServers/js/src/database
[15:37:42.772] DirectoryWatcher:: Added:: WatchInfo: w:/SimpleServers/js/src/bower_components
[15:37:42.773] DirectoryWatcher:: Added:: WatchInfo: w:/SimpleServers/js/src/node_modules
[15:37:42.774] Sending response:
    {"projectName":"/dev/null/inferredProject1*","typeAcquisition":{"enable":true,"include":[],"exclude":[]},"compilerOptions":{"target":1,"jsx":1,"allowNonTsExtensions":true,"allowJs":true,"noEmitForJsFiles":true,"maxNodeModuleJsDepth":2},"typings":[],"unresolvedImports":[],"kind":"action::set"}
[15:37:42.774] Response has been sent.
[15:37:42.774] No new typings were requested as a result of typings discovery
[15:40:1.408] DirectoryWatcher:: Triggered with w:/SimpleServers/js/src/database/.log/ti-8012.log :: WatchInfo: w:/SimpleServers/js/src/database recursive :: handler is already invoked 'false'
