Info 0    [15:37:39.341] Starting TS Server
Info 1    [15:37:39.345] Version: 3.8.3
Info 2    [15:37:39.345] Arguments: C:\Program Files\nodejs\node.exe c:\Users\Owner\AppData\Roaming\npm\node_modules\typescript\bin\tsserver --logFile w:\SimpleServers\js\src\.log\tsserver.log --logVerbosity info --cancellationPipeName C:\Users\Owner\AppData\Local\Temp\7228db06d94915d700a004a8faeeaf6f\tscancellation*
Info 3    [15:37:39.345] Platform: win32 NodeVersion: 12 CaseSensitive: false
Info 4    [15:37:39.511] Search path: w:/SimpleServers/js/src
Info 5    [15:37:39.511] For info: w:/SimpleServers/js/src/index.js :: No config files found.
Info 6    [15:37:39.516] Starting updateGraphWorker: Project: /dev/null/inferredProject1*
Info 7    [15:37:41.571] Finishing updateGraphWorker: Project: /dev/null/inferredProject1* Version: 1 structureChanged: true Elapsed: 2055ms
Info 8    [15:37:41.571] Project '/dev/null/inferredProject1*' (Inferred) 
Info 9    [15:37:41.571] 	Files (113)

Info 10   [15:37:41.571] -----------------------------------------------
Info 11   [15:37:41.773] DirectoryWatcher:: Triggered with C:/Users/Owner/AppData/Local/Microsoft/TypeScript/3.8/node_modules/.staging :: WatchInfo: C:/Users/Owner/AppData/Local/Microsoft/TypeScript/3.8/node_modules 1 undefined Project: /dev/null/inferredProject1* WatchType: Failed Lookup Locations
Info 12   [15:37:41.797] Elapsed:: 24ms DirectoryWatcher:: Triggered with C:/Users/Owner/AppData/Local/Microsoft/TypeScript/3.8/node_modules/.staging :: WatchInfo: C:/Users/Owner/AppData/Local/Microsoft/TypeScript/3.8/node_modules 1 undefined Project: /dev/null/inferredProject1* WatchType: Failed Lookup Locations
Info 13   [15:37:41.820] DirectoryWatcher:: Triggered with C:/Users/Owner/AppData/Local/Microsoft/TypeScript/3.8/node_modules/.staging/types-registry-950c5f00 :: WatchInfo: C:/Users/Owner/AppData/Local/Microsoft/TypeScript/3.8/node_modules 1 undefined Project: /dev/null/inferredProject1* WatchType: Failed Lookup Locations
Info 14   [15:37:41.820] Elapsed:: 0ms DirectoryWatcher:: Triggered with C:/Users/Owner/AppData/Local/Microsoft/TypeScript/3.8/node_modules/.staging/types-registry-950c5f00 :: WatchInfo: C:/Users/Owner/AppData/Local/Microsoft/TypeScript/3.8/node_modules 1 undefined Project: /dev/null/inferredProject1* WatchType: Failed Lookup Locations
Info 15   [15:37:41.820] DirectoryWatcher:: Triggered with C:/Users/Owner/AppData/Local/Microsoft/TypeScript/3.8/node_modules/.staging/types-registry-950c5f00/README.md :: WatchInfo: C:/Users/Owner/AppData/Local/Microsoft/TypeScript/3.8/node_modules 1 undefined Project: /dev/null/inferredProject1* WatchType: Failed Lookup Locations
Info 16   [15:37:41.820] Elapsed:: 0ms DirectoryWatcher:: Triggered with C:/Users/Owner/AppData/Local/Microsoft/TypeScript/3.8/node_modules/.staging/types-registry-950c5f00/README.md :: WatchInfo: C:/Users/Owner/AppData/Local/Microsoft/TypeScript/3.8/node_modules 1 undefined Project: /dev/null/inferredProject1* WatchType: Failed Lookup Locations
Info 17   [15:37:41.820] DirectoryWatcher:: Triggered with C:/Users/Owner/AppData/Local/Microsoft/TypeScript/3.8/node_modules/.staging/types-registry-950c5f00/index.json :: WatchInfo: C:/Users/Owner/AppData/Local/Microsoft/TypeScript/3.8/node_modules 1 undefined Project: /dev/null/inferredProject1* WatchType: Failed Lookup Locations
Info 18   [15:37:41.820] Elapsed:: 0ms DirectoryWatcher:: Triggered with C:/Users/Owner/AppData/Local/Microsoft/TypeScript/3.8/node_modules/.staging/types-registry-950c5f00/index.json :: WatchInfo: C:/Users/Owner/AppData/Local/Microsoft/TypeScript/3.8/node_modules 1 undefined Project: /dev/null/inferredProject1* WatchType: Failed Lookup Locations
Info 19   [15:37:41.821] DirectoryWatcher:: Triggered with C:/Users/Owner/AppData/Local/Microsoft/TypeScript/3.8/node_modules/.staging/types-registry-950c5f00/package.json :: WatchInfo: C:/Users/Owner/AppData/Local/Microsoft/TypeScript/3.8/node_modules 1 undefined Project: /dev/null/inferredProject1* WatchType: Failed Lookup Locations
Info 20   [15:37:41.821] Elapsed:: 0ms DirectoryWatcher:: Triggered with C:/Users/Owner/AppData/Local/Microsoft/TypeScript/3.8/node_modules/.staging/types-registry-950c5f00/package.json :: WatchInfo: C:/Users/Owner/AppData/Local/Microsoft/TypeScript/3.8/node_modules 1 undefined Project: /dev/null/inferredProject1* WatchType: Failed Lookup Locations
Info 21   [15:37:41.821] DirectoryWatcher:: Triggered with C:/Users/Owner/AppData/Local/Microsoft/TypeScript/3.8/node_modules/types-registry/README.md :: WatchInfo: C:/Users/Owner/AppData/Local/Microsoft/TypeScript/3.8/node_modules 1 undefined Project: /dev/null/inferredProject1* WatchType: Failed Lookup Locations
Info 22   [15:37:41.821] Elapsed:: 0ms DirectoryWatcher:: Triggered with C:/Users/Owner/AppData/Local/Microsoft/TypeScript/3.8/node_modules/types-registry/README.md :: WatchInfo: C:/Users/Owner/AppData/Local/Microsoft/TypeScript/3.8/node_modules 1 undefined Project: /dev/null/inferredProject1* WatchType: Failed Lookup Locations
Info 23   [15:37:41.821] DirectoryWatcher:: Triggered with C:/Users/Owner/AppData/Local/Microsoft/TypeScript/3.8/node_modules/types-registry/package.json :: WatchInfo: C:/Users/Owner/AppData/Local/Microsoft/TypeScript/3.8/node_modules 1 undefined Project: /dev/null/inferredProject1* WatchType: Failed Lookup Locations
Info 24   [15:37:41.823] Elapsed:: 2ms DirectoryWatcher:: Triggered with C:/Users/Owner/AppData/Local/Microsoft/TypeScript/3.8/node_modules/types-registry/package.json :: WatchInfo: C:/Users/Owner/AppData/Local/Microsoft/TypeScript/3.8/node_modules 1 undefined Project: /dev/null/inferredProject1* WatchType: Failed Lookup Locations
Info 25   [15:37:41.824] DirectoryWatcher:: Triggered with C:/Users/Owner/AppData/Local/Microsoft/TypeScript/3.8/node_modules/types-registry/index.json :: WatchInfo: C:/Users/Owner/AppData/Local/Microsoft/TypeScript/3.8/node_modules 1 undefined Project: /dev/null/inferredProject1* WatchType: Failed Lookup Locations
Info 26   [15:37:41.825] Elapsed:: 1ms DirectoryWatcher:: Triggered with C:/Users/Owner/AppData/Local/Microsoft/TypeScript/3.8/node_modules/types-registry/index.json :: WatchInfo: C:/Users/Owner/AppData/Local/Microsoft/TypeScript/3.8/node_modules 1 undefined Project: /dev/null/inferredProject1* WatchType: Failed Lookup Locations
Info 27   [15:37:41.825] DirectoryWatcher:: Triggered with C:/Users/Owner/AppData/Local/Microsoft/TypeScript/3.8/node_modules/types-registry :: WatchInfo: C:/Users/Owner/AppData/Local/Microsoft/TypeScript/3.8/node_modules 1 undefined Project: /dev/null/inferredProject1* WatchType: Failed Lookup Locations
Info 28   [15:37:41.827] Elapsed:: 2ms DirectoryWatcher:: Triggered with C:/Users/Owner/AppData/Local/Microsoft/TypeScript/3.8/node_modules/types-registry :: WatchInfo: C:/Users/Owner/AppData/Local/Microsoft/TypeScript/3.8/node_modules 1 undefined Project: /dev/null/inferredProject1* WatchType: Failed Lookup Locations
Info 29   [15:37:41.827] DirectoryWatcher:: Triggered with C:/Users/Owner/AppData/Local/Microsoft/TypeScript/3.8/node_modules/.staging/types-registry-950c5f00 :: WatchInfo: C:/Users/Owner/AppData/Local/Microsoft/TypeScript/3.8/node_modules 1 undefined Project: /dev/null/inferredProject1* WatchType: Failed Lookup Locations
Info 30   [15:37:41.827] Elapsed:: 0ms DirectoryWatcher:: Triggered with C:/Users/Owner/AppData/Local/Microsoft/TypeScript/3.8/node_modules/.staging/types-registry-950c5f00 :: WatchInfo: C:/Users/Owner/AppData/Local/Microsoft/TypeScript/3.8/node_modules 1 undefined Project: /dev/null/inferredProject1* WatchType: Failed Lookup Locations
Info 31   [15:37:41.828] DirectoryWatcher:: Triggered with C:/Users/Owner/AppData/Local/Microsoft/TypeScript/3.8/node_modules/types-registry :: WatchInfo: C:/Users/Owner/AppData/Local/Microsoft/TypeScript/3.8/node_modules 1 undefined Project: /dev/null/inferredProject1* WatchType: Failed Lookup Locations
Info 32   [15:37:41.829] Elapsed:: 1ms DirectoryWatcher:: Triggered with C:/Users/Owner/AppData/Local/Microsoft/TypeScript/3.8/node_modules/types-registry :: WatchInfo: C:/Users/Owner/AppData/Local/Microsoft/TypeScript/3.8/node_modules 1 undefined Project: /dev/null/inferredProject1* WatchType: Failed Lookup Locations
Info 33   [15:37:41.829] DirectoryWatcher:: Triggered with C:/Users/Owner/AppData/Local/Microsoft/TypeScript/3.8/node_modules/types-registry/package.json.1219910584 :: WatchInfo: C:/Users/Owner/AppData/Local/Microsoft/TypeScript/3.8/node_modules 1 undefined Project: /dev/null/inferredProject1* WatchType: Failed Lookup Locations
Info 34   [15:37:41.829] Elapsed:: 0ms DirectoryWatcher:: Triggered with C:/Users/Owner/AppData/Local/Microsoft/TypeScript/3.8/node_modules/types-registry/package.json.1219910584 :: WatchInfo: C:/Users/Owner/AppData/Local/Microsoft/TypeScript/3.8/node_modules 1 undefined Project: /dev/null/inferredProject1* WatchType: Failed Lookup Locations
Info 35   [15:37:41.830] DirectoryWatcher:: Triggered with C:/Users/Owner/AppData/Local/Microsoft/TypeScript/3.8/node_modules/types-registry/package.json :: WatchInfo: C:/Users/Owner/AppData/Local/Microsoft/TypeScript/3.8/node_modules 1 undefined Project: /dev/null/inferredProject1* WatchType: Failed Lookup Locations
Info 36   [15:37:41.831] Elapsed:: 1ms DirectoryWatcher:: Triggered with C:/Users/Owner/AppData/Local/Microsoft/TypeScript/3.8/node_modules/types-registry/package.json :: WatchInfo: C:/Users/Owner/AppData/Local/Microsoft/TypeScript/3.8/node_modules 1 undefined Project: /dev/null/inferredProject1* WatchType: Failed Lookup Locations
Info 37   [15:37:41.831] DirectoryWatcher:: Triggered with C:/Users/Owner/AppData/Local/Microsoft/TypeScript/3.8/node_modules/types-registry/package.json.1219910584 :: WatchInfo: C:/Users/Owner/AppData/Local/Microsoft/TypeScript/3.8/node_modules 1 undefined Project: /dev/null/inferredProject1* WatchType: Failed Lookup Locations
Info 38   [15:37:41.831] Elapsed:: 0ms DirectoryWatcher:: Triggered with C:/Users/Owner/AppData/Local/Microsoft/TypeScript/3.8/node_modules/types-registry/package.json.1219910584 :: WatchInfo: C:/Users/Owner/AppData/Local/Microsoft/TypeScript/3.8/node_modules 1 undefined Project: /dev/null/inferredProject1* WatchType: Failed Lookup Locations
Info 39   [15:37:41.831] DirectoryWatcher:: Triggered with C:/Users/Owner/AppData/Local/Microsoft/TypeScript/3.8/node_modules/types-registry/package.json :: WatchInfo: C:/Users/Owner/AppData/Local/Microsoft/TypeScript/3.8/node_modules 1 undefined Project: /dev/null/inferredProject1* WatchType: Failed Lookup Locations
Info 40   [15:37:41.833] Elapsed:: 2ms DirectoryWatcher:: Triggered with C:/Users/Owner/AppData/Local/Microsoft/TypeScript/3.8/node_modules/types-registry/package.json :: WatchInfo: C:/Users/Owner/AppData/Local/Microsoft/TypeScript/3.8/node_modules 1 undefined Project: /dev/null/inferredProject1* WatchType: Failed Lookup Locations
Info 41   [15:37:41.834] DirectoryWatcher:: Triggered with C:/Users/Owner/AppData/Local/Microsoft/TypeScript/3.8/node_modules/.staging :: WatchInfo: C:/Users/Owner/AppData/Local/Microsoft/TypeScript/3.8/node_modules 1 undefined Project: /dev/null/inferredProject1* WatchType: Failed Lookup Locations
Info 42   [15:37:41.835] Elapsed:: 1ms DirectoryWatcher:: Triggered with C:/Users/Owner/AppData/Local/Microsoft/TypeScript/3.8/node_modules/.staging :: WatchInfo: C:/Users/Owner/AppData/Local/Microsoft/TypeScript/3.8/node_modules 1 undefined Project: /dev/null/inferredProject1* WatchType: Failed Lookup Locations
Info 43   [15:37:41.879] Starting updateGraphWorker: Project: /dev/null/inferredProject1*
Info 44   [15:37:42.266] Finishing updateGraphWorker: Project: /dev/null/inferredProject1* Version: 2 structureChanged: true Elapsed: 387ms
Info 45   [15:37:42.266] Different program with same set of files:: oldProgram.structureIsReused:: 1
Info 46   [15:37:42.312] Structure before ensureProjectForOpenFiles:
Info 47   [15:37:42.312] Structure after ensureProjectForOpenFiles:
Info 48   [15:37:42.312] got projects updated in background, updating diagnostics for w:/SimpleServers/js/src/index.js
Info 49   [15:37:43.26] Starting updateGraphWorker: Project: /dev/null/inferredProject1*
Info 50   [15:37:43.31] Finishing updateGraphWorker: Project: /dev/null/inferredProject1* Version: 3 structureChanged: false Elapsed: 5ms
Info 51   [15:37:43.31] Different program with same set of files:: oldProgram.structureIsReused:: 2
Info 52   [15:37:43.31] Structure before ensureProjectForOpenFiles:
Info 53   [15:37:43.31] Structure after ensureProjectForOpenFiles:
Info 54   [15:37:43.31] got projects updated in background, updating diagnostics for w:/SimpleServers/js/src/index.js
Info 55   [15:40:1.407] DirectoryWatcher:: Triggered with w:/SimpleServers/js/src/database/.log/ti-8012.log :: WatchInfo: w:/SimpleServers/js/src/database 1 undefined Project: /dev/null/inferredProject1* WatchType: Failed Lookup Locations
Info 56   [15:40:1.407] Elapsed:: 0ms DirectoryWatcher:: Triggered with w:/SimpleServers/js/src/database/.log/ti-8012.log :: WatchInfo: w:/SimpleServers/js/src/database 1 undefined Project: /dev/null/inferredProject1* WatchType: Failed Lookup Locations
Info 57   [15:40:3.57] DirectoryWatcher:: Triggered with C:/Users/Owner/AppData/Local/Microsoft/TypeScript/3.8/node_modules/.staging :: WatchInfo: C:/Users/Owner/AppData/Local/Microsoft/TypeScript/3.8/node_modules 1 undefined Project: /dev/null/inferredProject1* WatchType: Failed Lookup Locations
Info 58   [15:40:3.83] Elapsed:: 26ms DirectoryWatcher:: Triggered with C:/Users/Owner/AppData/Local/Microsoft/TypeScript/3.8/node_modules/.staging :: WatchInfo: C:/Users/Owner/AppData/Local/Microsoft/TypeScript/3.8/node_modules 1 undefined Project: /dev/null/inferredProject1* WatchType: Failed Lookup Locations
Info 59   [15:40:3.84] DirectoryWatcher:: Triggered with C:/Users/Owner/AppData/Local/Microsoft/TypeScript/3.8/node_modules/.staging/types-registry-950c5f00 :: WatchInfo: C:/Users/Owner/AppData/Local/Microsoft/TypeScript/3.8/node_modules 1 undefined Project: /dev/null/inferredProject1* WatchType: Failed Lookup Locations
Info 60   [15:40:3.84] Elapsed:: 0ms DirectoryWatcher:: Triggered with C:/Users/Owner/AppData/Local/Microsoft/TypeScript/3.8/node_modules/.staging/types-registry-950c5f00 :: WatchInfo: C:/Users/Owner/AppData/Local/Microsoft/TypeScript/3.8/node_modules 1 undefined Project: /dev/null/inferredProject1* WatchType: Failed Lookup Locations
Info 61   [15:40:3.86] DirectoryWatcher:: Triggered with C:/Users/Owner/AppData/Local/Microsoft/TypeScript/3.8/node_modules/.staging/types-registry-950c5f00/README.md :: WatchInfo: C:/Users/Owner/AppData/Local/Microsoft/TypeScript/3.8/node_modules 1 undefined Project: /dev/null/inferredProject1* WatchType: Failed Lookup Locations
Info 62   [15:40:3.86] Elapsed:: 0ms DirectoryWatcher:: Triggered with C:/Users/Owner/AppData/Local/Microsoft/TypeScript/3.8/node_modules/.staging/types-registry-950c5f00/README.md :: WatchInfo: C:/Users/Owner/AppData/Local/Microsoft/TypeScript/3.8/node_modules 1 undefined Project: /dev/null/inferredProject1* WatchType: Failed Lookup Locations
Info 63   [15:40:3.86] DirectoryWatcher:: Triggered with C:/Users/Owner/AppData/Local/Microsoft/TypeScript/3.8/node_modules/.staging/types-registry-950c5f00/index.json :: WatchInfo: C:/Users/Owner/AppData/Local/Microsoft/TypeScript/3.8/node_modules 1 undefined Project: /dev/null/inferredProject1* WatchType: Failed Lookup Locations
Info 64   [15:40:3.86] Elapsed:: 0ms DirectoryWatcher:: Triggered with C:/Users/Owner/AppData/Local/Microsoft/TypeScript/3.8/node_modules/.staging/types-registry-950c5f00/index.json :: WatchInfo: C:/Users/Owner/AppData/Local/Microsoft/TypeScript/3.8/node_modules 1 undefined Project: /dev/null/inferredProject1* WatchType: Failed Lookup Locations
Info 65   [15:40:3.87] DirectoryWatcher:: Triggered with C:/Users/Owner/AppData/Local/Microsoft/TypeScript/3.8/node_modules/.staging/types-registry-950c5f00/package.json :: WatchInfo: C:/Users/Owner/AppData/Local/Microsoft/TypeScript/3.8/node_modules 1 undefined Project: /dev/null/inferredProject1* WatchType: Failed Lookup Locations
Info 66   [15:40:3.87] Elapsed:: 0ms DirectoryWatcher:: Triggered with C:/Users/Owner/AppData/Local/Microsoft/TypeScript/3.8/node_modules/.staging/types-registry-950c5f00/package.json :: WatchInfo: C:/Users/Owner/AppData/Local/Microsoft/TypeScript/3.8/node_modules 1 undefined Project: /dev/null/inferredProject1* WatchType: Failed Lookup Locations
Info 67   [15:40:3.87] DirectoryWatcher:: Triggered with C:/Users/Owner/AppData/Local/Microsoft/TypeScript/3.8/node_modules/types-registry/README.md :: WatchInfo: C:/Users/Owner/AppData/Local/Microsoft/TypeScript/3.8/node_modules 1 undefined Project: /dev/null/inferredProject1* WatchType: Failed Lookup Locations
Info 68   [15:40:3.87] Elapsed:: 0ms DirectoryWatcher:: Triggered with C:/Users/Owner/AppData/Local/Microsoft/TypeScript/3.8/node_modules/types-registry/README.md :: WatchInfo: C:/Users/Owner/AppData/Local/Microsoft/TypeScript/3.8/node_modules 1 undefined Project: /dev/null/inferredProject1* WatchType: Failed Lookup Locations
Info 69   [15:40:3.87] DirectoryWatcher:: Triggered with C:/Users/Owner/AppData/Local/Microsoft/TypeScript/3.8/node_modules/types-registry/index.json :: WatchInfo: C:/Users/Owner/AppData/Local/Microsoft/TypeScript/3.8/node_modules 1 undefined Project: /dev/null/inferredProject1* WatchType: Failed Lookup Locations
Info 70   [15:40:3.89] Elapsed:: 2ms DirectoryWatcher:: Triggered with C:/Users/Owner/AppData/Local/Microsoft/TypeScript/3.8/node_modules/types-registry/index.json :: WatchInfo: C:/Users/Owner/AppData/Local/Microsoft/TypeScript/3.8/node_modules 1 undefined Project: /dev/null/inferredProject1* WatchType: Failed Lookup Locations
Info 71   [15:40:3.89] DirectoryWatcher:: Triggered with C:/Users/Owner/AppData/Local/Microsoft/TypeScript/3.8/node_modules/types-registry/package.json :: WatchInfo: C:/Users/Owner/AppData/Local/Microsoft/TypeScript/3.8/node_modules 1 undefined Project: /dev/null/inferredProject1* WatchType: Failed Lookup Locations
Info 72   [15:40:3.91] Elapsed:: 2ms DirectoryWatcher:: Triggered with C:/Users/Owner/AppData/Local/Microsoft/TypeScript/3.8/node_modules/types-registry/package.json :: WatchInfo: C:/Users/Owner/AppData/Local/Microsoft/TypeScript/3.8/node_modules 1 undefined Project: /dev/null/inferredProject1* WatchType: Failed Lookup Locations
Info 73   [15:40:3.91] DirectoryWatcher:: Triggered with C:/Users/Owner/AppData/Local/Microsoft/TypeScript/3.8/node_modules/types-registry :: WatchInfo: C:/Users/Owner/AppData/Local/Microsoft/TypeScript/3.8/node_modules 1 undefined Project: /dev/null/inferredProject1* WatchType: Failed Lookup Locations
Info 74   [15:40:3.93] Elapsed:: 1ms DirectoryWatcher:: Triggered with C:/Users/Owner/AppData/Local/Microsoft/TypeScript/3.8/node_modules/types-registry :: WatchInfo: C:/Users/Owner/AppData/Local/Microsoft/TypeScript/3.8/node_modules 1 undefined Project: /dev/null/inferredProject1* WatchType: Failed Lookup Locations
Info 75   [15:40:3.93] DirectoryWatcher:: Triggered with C:/Users/Owner/AppData/Local/Microsoft/TypeScript/3.8/node_modules/.staging/types-registry-950c5f00 :: WatchInfo: C:/Users/Owner/AppData/Local/Microsoft/TypeScript/3.8/node_modules 1 undefined Project: /dev/null/inferredProject1* WatchType: Failed Lookup Locations
Info 76   [15:40:3.93] Elapsed:: 0ms DirectoryWatcher:: Triggered with C:/Users/Owner/AppData/Local/Microsoft/TypeScript/3.8/node_modules/.staging/types-registry-950c5f00 :: WatchInfo: C:/Users/Owner/AppData/Local/Microsoft/TypeScript/3.8/node_modules 1 undefined Project: /dev/null/inferredProject1* WatchType: Failed Lookup Locations
Info 77   [15:40:3.94] DirectoryWatcher:: Triggered with C:/Users/Owner/AppData/Local/Microsoft/TypeScript/3.8/node_modules/types-registry :: WatchInfo: C:/Users/Owner/AppData/Local/Microsoft/TypeScript/3.8/node_modules 1 undefined Project: /dev/null/inferredProject1* WatchType: Failed Lookup Locations
Info 78   [15:40:3.95] Elapsed:: 1ms DirectoryWatcher:: Triggered with C:/Users/Owner/AppData/Local/Microsoft/TypeScript/3.8/node_modules/types-registry :: WatchInfo: C:/Users/Owner/AppData/Local/Microsoft/TypeScript/3.8/node_modules 1 undefined Project: /dev/null/inferredProject1* WatchType: Failed Lookup Locations
Info 79   [15:40:3.97] DirectoryWatcher:: Triggered with C:/Users/Owner/AppData/Local/Microsoft/TypeScript/3.8/node_modules/types-registry/package.json.3993660820 :: WatchInfo: C:/Users/Owner/AppData/Local/Microsoft/TypeScript/3.8/node_modules 1 undefined Project: /dev/null/inferredProject1* WatchType: Failed Lookup Locations
Info 80   [15:40:3.97] Elapsed:: 0ms DirectoryWatcher:: Triggered with C:/Users/Owner/AppData/Local/Microsoft/TypeScript/3.8/node_modules/types-registry/package.json.3993660820 :: WatchInfo: C:/Users/Owner/AppData/Local/Microsoft/TypeScript/3.8/node_modules 1 undefined Project: /dev/null/inferredProject1* WatchType: Failed Lookup Locations
Info 81   [15:40:3.102] DirectoryWatcher:: Triggered with C:/Users/Owner/AppData/Local/Microsoft/TypeScript/3.8/node_modules/types-registry/package.json :: WatchInfo: C:/Users/Owner/AppData/Local/Microsoft/TypeScript/3.8/node_modules 1 undefined Project: /dev/null/inferredProject1* WatchType: Failed Lookup Locations
Info 82   [15:40:3.103] Elapsed:: 1ms DirectoryWatcher:: Triggered with C:/Users/Owner/AppData/Local/Microsoft/TypeScript/3.8/node_modules/types-registry/package.json :: WatchInfo: C:/Users/Owner/AppData/Local/Microsoft/TypeScript/3.8/node_modules 1 undefined Project: /dev/null/inferredProject1* WatchType: Failed Lookup Locations
Info 83   [15:40:3.103] DirectoryWatcher:: Triggered with C:/Users/Owner/AppData/Local/Microsoft/TypeScript/3.8/node_modules/types-registry/package.json.3993660820 :: WatchInfo: C:/Users/Owner/AppData/Local/Microsoft/TypeScript/3.8/node_modules 1 undefined Project: /dev/null/inferredProject1* WatchType: Failed Lookup Locations
Info 84   [15:40:3.103] Elapsed:: 0ms DirectoryWatcher:: Triggered with C:/Users/Owner/AppData/Local/Microsoft/TypeScript/3.8/node_modules/types-registry/package.json.3993660820 :: WatchInfo: C:/Users/Owner/AppData/Local/Microsoft/TypeScript/3.8/node_modules 1 undefined Project: /dev/null/inferredProject1* WatchType: Failed Lookup Locations
Info 85   [15:40:3.104] DirectoryWatcher:: Triggered with C:/Users/Owner/AppData/Local/Microsoft/TypeScript/3.8/node_modules/types-registry/package.json :: WatchInfo: C:/Users/Owner/AppData/Local/Microsoft/TypeScript/3.8/node_modules 1 undefined Project: /dev/null/inferredProject1* WatchType: Failed Lookup Locations
Info 86   [15:40:3.104] Elapsed:: 0ms DirectoryWatcher:: Triggered with C:/Users/Owner/AppData/Local/Microsoft/TypeScript/3.8/node_modules/types-registry/package.json :: WatchInfo: C:/Users/Owner/AppData/Local/Microsoft/TypeScript/3.8/node_modules 1 undefined Project: /dev/null/inferredProject1* WatchType: Failed Lookup Locations
Info 87   [15:40:3.105] DirectoryWatcher:: Triggered with C:/Users/Owner/AppData/Local/Microsoft/TypeScript/3.8/node_modules/.staging :: WatchInfo: C:/Users/Owner/AppData/Local/Microsoft/TypeScript/3.8/node_modules 1 undefined Project: /dev/null/inferredProject1* WatchType: Failed Lookup Locations
Info 88   [15:40:3.107] Elapsed:: 1ms DirectoryWatcher:: Triggered with C:/Users/Owner/AppData/Local/Microsoft/TypeScript/3.8/node_modules/.staging :: WatchInfo: C:/Users/Owner/AppData/Local/Microsoft/TypeScript/3.8/node_modules 1 undefined Project: /dev/null/inferredProject1* WatchType: Failed Lookup Locations
Info 89   [15:40:3.343] Starting updateGraphWorker: Project: /dev/null/inferredProject1*
Info 90   [15:40:3.625] Finishing updateGraphWorker: Project: /dev/null/inferredProject1* Version: 4 structureChanged: true Elapsed: 281ms
Info 91   [15:40:3.625] Different program with same set of files:: oldProgram.structureIsReused:: 1
Info 92   [15:40:3.625] Structure before ensureProjectForOpenFiles:
Info 93   [15:40:3.625] Structure after ensureProjectForOpenFiles:
Info 94   [15:40:3.625] got projects updated in background, updating diagnostics for w:/SimpleServers/js/src/index.js
Info 95   [15:49:37.970] Starting updateGraphWorker: Project: /dev/null/inferredProject1*
Info 96   [15:49:37.987] Finishing updateGraphWorker: Project: /dev/null/inferredProject1* Version: 5 structureChanged: false Elapsed: 16ms
Info 97   [15:49:37.987] Different program with same set of files:: oldProgram.structureIsReused:: 2
Info 98   [15:49:39.446] Starting updateGraphWorker: Project: /dev/null/inferredProject1*
Info 99   [15:49:39.464] Finishing updateGraphWorker: Project: /dev/null/inferredProject1* Version: 6 structureChanged: false Elapsed: 17ms
Info 100  [15:49:39.465] Different program with same set of files:: oldProgram.structureIsReused:: 2
